Start testing: Apr 19 18:26 EDT
----------------------------------------------------------
1/1 Testing: grumblequest_tests
1/1 Test: grumblequest_tests
Command: "/Users/christophermarek/Desktop/other/PicoGame/build/grumblequest_tests"
Directory: /Users/christophermarek/Desktop/other/PicoGame/build
"grumblequest_tests" start time: Apr 19 18:26 EDT
Output:
----------------------------------------------------------
grumblequest_tests: all assertions passed.
<end of output>
Test time =   0.34 sec
----------------------------------------------------------
Test Passed.
"grumblequest_tests" end time: Apr 19 18:26 EDT
"grumblequest_tests" time elapsed: 00:00:00
----------------------------------------------------------

End testing: Apr 19 18:26 EDT
